01.01.2015 07:32:37: Сессия открыта
01.01.2015 07:32:37: Запрашивается количество новых файлов
01.01.2015 07:32:37: Новых файлов 3
01.01.2015 07:32:37: Получен запрос на скачивание
01.01.2015 07:32:37: Ожидаем подключения для скачивания ...
01.01.2015 07:32:37: Клиент для скачивания подключился, Отправляем: 17841.jpg
01.01.2015 07:32:37: Файл 17841.jpg передан
01.01.2015 07:32:37: Клиент для скачивания отключился
01.01.2015 07:32:37: Ожидаем подключения для скачивания ...
01.01.2015 07:32:37: Клиент для скачивания подключился, Отправляем: 1845.jpg
01.01.2015 07:32:37: Файл 1845.jpg передан
01.01.2015 07:32:37: Клиент для скачивания отключился
01.01.2015 07:32:37: Ожидаем подключения для скачивания ...
01.01.2015 07:32:37: Клиент для скачивания подключился, Отправляем: 21342.JPG
01.01.2015 07:32:37: Файл 21342.JPG передан
01.01.2015 07:32:37: Клиент для скачивания отключился
01.01.2015 07:32:37: Обновление завершено, клиент отключился 

 ====================================================================================== 

03.01.2015 02:08:42: Сессия открыта
03.01.2015 02:08:42: Запрашивается количество новых файлов
03.01.2015 02:08:42: Новых файлов 0
03.01.2015 02:08:42: Обновление завершено, клиент отключился 

 ====================================================================================== 

03.01.2015 02:08:42: Сессия открыта
03.01.2015 02:08:42: Запрашивается количество новых файлов
03.01.2015 02:08:42: Новых файлов 4
03.01.2015 02:08:42: Обновление завершено, клиент отключился 

 ====================================================================================== 

03.01.2015 02:08:42: Сессия открыта
03.01.2015 02:08:42: Запрашивается количество новых файлов
03.01.2015 02:08:42: Новых файлов 4
03.01.2015 02:08:42: Получен запрос на скачивание
03.01.2015 02:08:42: Ожидаем подключения для скачивания ...
03.01.2015 02:08:42: Клиент для скачивания подключился, шифруем: 17841.jpg
03.01.2015 02:08:42: Отправляем: 17841.jpg
03.01.2015 02:08:42: Файл 17841.jpg передан
03.01.2015 02:08:42: Клиент для скачивания отключился
03.01.2015 02:08:42: Ожидаем подключения для скачивания ...
03.01.2015 02:08:42: Клиент для скачивания подключился, шифруем: 1845.jpg
03.01.2015 02:08:42: Отправляем: 1845.jpg
03.01.2015 02:08:42: Файл 1845.jpg передан
03.01.2015 02:08:42: Клиент для скачивания отключился
03.01.2015 02:08:42: Ожидаем подключения для скачивания ...
03.01.2015 02:08:42: Клиент для скачивания подключился, шифруем: 21342.JPG
03.01.2015 02:13:28: Сессия открыта
03.01.2015 02:13:28: Запрашивается количество новых файлов
03.01.2015 02:13:28: Новых файлов 0
03.01.2015 02:13:28: Обновление завершено, клиент отключился 

 ====================================================================================== 

03.01.2015 02:13:28: Сессия открыта
03.01.2015 02:13:28: Запрашивается количество новых файлов
03.01.2015 02:13:28: Новых файлов 2
03.01.2015 02:13:28: Получен запрос на скачивание
03.01.2015 02:13:28: Ожидаем подключения для скачивания ...
03.01.2015 02:17:36: Сессия открыта
03.01.2015 02:17:36: Запрашивается количество новых файлов
03.01.2015 02:17:36: Новых файлов 0
03.01.2015 02:17:36: Обновление завершено, клиент отключился 

 ====================================================================================== 

03.01.2015 02:17:36: Сессия открыта
03.01.2015 02:17:36: Запрашивается количество новых файлов
03.01.2015 02:17:36: Новых файлов 2
03.01.2015 02:17:36: Получен запрос на скачивание
03.01.2015 02:17:36: Шифруем: 17841.jpg
03.01.2015 03:08:29: Сессия открыта
03.01.2015 03:08:29: Запрашивается количество новых файлов
03.01.2015 03:08:29: Новых файлов 0
03.01.2015 03:08:29: Обновление завершено, клиент отключился 

 ====================================================================================== 

03.01.2015 03:08:29: Сессия открыта
03.01.2015 03:08:29: Запрашивается количество новых файлов
03.01.2015 03:08:29: Новых файлов 3
03.01.2015 03:08:29: Получен запрос на скачивание
03.01.2015 03:08:29: Шифруем: 17841.jpg
03.01.2015 03:08:29: Ожидаем подключения для скачивания ...
03.01.2015 03:08:29: Клиент для скачивания подключился, отправляем: 17841.jpg
03.01.2015 03:10:32: Сессия открыта
03.01.2015 03:10:32: Запрашивается количество новых файлов
03.01.2015 03:10:32: Новых файлов 3
03.01.2015 03:10:32: Получен запрос на скачивание
03.01.2015 03:10:32: Шифруем: 17841.jpg
03.01.2015 03:10:32: Ожидаем подключения для скачивания ...
03.01.2015 03:10:32: Клиент для скачивания подключился, отправляем: 17841.jpg
03.01.2015 03:10:32: Файл 17841.jpg передан
03.01.2015 03:10:32: Клиент для скачивания отключился
03.01.2015 03:10:32: Шифруем: 31541.jpg
03.01.2015 03:10:32: Ожидаем подключения для скачивания ...
03.01.2015 03:10:32: Клиент для скачивания подключился, отправляем: 31541.jpg
03.01.2015 03:10:32: Файл 31541.jpg передан
03.01.2015 03:10:32: Клиент для скачивания отключился
03.01.2015 03:10:32: Шифруем: 31542.jpg
03.01.2015 03:10:32: Ожидаем подключения для скачивания ...
03.01.2015 03:10:32: Клиент для скачивания подключился, отправляем: 31542.jpg
03.01.2015 03:10:32: Файл 31542.jpg передан
03.01.2015 03:10:32: Клиент для скачивания отключился
03.01.2015 03:10:32: Обновление завершено, клиент отключился 

 ====================================================================================== 

03.01.2015 03:23:17: Сессия открыта
03.01.2015 03:23:17: Запрашивается количество новых файлов
03.01.2015 03:23:17: Новых файлов 3
03.01.2015 03:23:17: Получен запрос на скачивание
03.01.2015 03:23:17: Шифруем: 17841_1.jpg
03.01.2015 03:23:17: Ожидаем подключения для скачивания ...
03.01.2015 03:23:17: Клиент для скачивания подключился, отправляем: 17841_1.jpg
03.01.2015 03:23:17: Файл 17841_1.jpg передан
03.01.2015 03:23:17: Клиент для скачивания отключился
03.01.2015 03:23:17: Шифруем: 32450_1.jpg
03.01.2015 03:23:17: Ожидаем подключения для скачивания ...
03.01.2015 03:23:17: Клиент для скачивания подключился, отправляем: 32450_1.jpg
03.01.2015 03:23:17: Файл 32450_1.jpg передан
03.01.2015 03:23:17: Клиент для скачивания отключился
03.01.2015 03:23:17: Шифруем: 32450_2.jpg
03.01.2015 03:23:17: Ожидаем подключения для скачивания ...
03.01.2015 03:23:17: Клиент для скачивания подключился, отправляем: 32450_2.jpg
03.01.2015 03:23:17: Файл 32450_2.jpg передан
03.01.2015 03:23:17: Клиент для скачивания отключился
03.01.2015 03:23:17: Обновление завершено, клиент отключился 

 ====================================================================================== 

03.01.2015 03:23:17: Сессия открыта
03.01.2015 03:23:17: Запрашивается количество новых файлов
03.01.2015 03:23:17: Новых файлов 4
03.01.2015 03:23:17: Получен запрос на скачивание
03.01.2015 03:23:17: Шифруем: 17841-1.jpg
03.01.2015 03:23:17: Ожидаем подключения для скачивания ...
03.01.2015 03:23:17: Клиент для скачивания подключился, отправляем: 17841-1.jpg
03.01.2015 03:23:17: Файл 17841-1.jpg передан
03.01.2015 03:23:17: Клиент для скачивания отключился
03.01.2015 03:23:17: Шифруем: 32450-1.jpg
03.01.2015 03:23:17: Ожидаем подключения для скачивания ...
03.01.2015 03:23:17: Клиент для скачивания подключился, отправляем: 32450-1.jpg
03.01.2015 03:23:17: Файл 32450-1.jpg передан
03.01.2015 03:23:17: Клиент для скачивания отключился
03.01.2015 03:23:17: Шифруем: 32450-2.jpg
03.01.2015 03:23:17: Ожидаем подключения для скачивания ...
03.01.2015 03:23:17: Клиент для скачивания подключился, отправляем: 32450-2.jpg
03.01.2015 03:23:17: Файл 32450-2.jpg передан
03.01.2015 03:23:17: Клиент для скачивания отключился
03.01.2015 03:23:17: Шифруем: 356446052938789
03.01.2015 03:23:17: Ожидаем подключения для скачивания ...
03.01.2015 03:23:17: Клиент для скачивания подключился, отправляем: 356446052938789
03.01.2015 03:31:37: Сессия открыта
03.01.2015 03:31:37: Запрашивается количество новых файлов
03.01.2015 03:31:37: Новых файлов 3
03.01.2015 03:31:37: Получен запрос на скачивание
03.01.2015 03:31:37: Шифруем: 17841-1.jpg
03.01.2015 03:31:37: Ожидаем подключения для скачивания ...
03.01.2015 03:31:37: Клиент для скачивания подключился, отправляем: 17841-1.jpg
03.01.2015 03:31:37: Файл 17841-1.jpg передан
03.01.2015 03:31:37: Клиент для скачивания отключился
03.01.2015 03:31:37: Шифруем: 32450-1.jpg
03.01.2015 03:31:37: Ожидаем подключения для скачивания ...
03.01.2015 03:31:37: Клиент для скачивания подключился, отправляем: 32450-1.jpg
03.01.2015 03:31:37: Файл 32450-1.jpg передан
03.01.2015 03:31:37: Клиент для скачивания отключился
03.01.2015 03:31:37: Шифруем: 32450-2.jpg
03.01.2015 03:31:37: Ожидаем подключения для скачивания ...
03.01.2015 03:31:37: Клиент для скачивания подключился, отправляем: 32450-2.jpg
03.01.2015 03:31:37: Файл 32450-2.jpg передан
03.01.2015 03:31:37: Клиент для скачивания отключился
03.01.2015 03:31:37: Обновление завершено, клиент отключился 

 ====================================================================================== 

03.01.2015 03:31:37: Сессия открыта
03.01.2015 03:31:37: Запрашивается количество новых файлов
03.01.2015 03:31:37: Новых файлов 5
03.01.2015 03:31:37: Получен запрос на скачивание
03.01.2015 03:31:37: Шифруем: 17841-1.jpg
03.01.2015 03:31:37: Ожидаем подключения для скачивания ...
03.01.2015 03:31:37: Клиент для скачивания подключился, отправляем: 17841-1.jpg
03.01.2015 03:31:37: Файл 17841-1.jpg передан
03.01.2015 03:31:37: Клиент для скачивания отключился
03.01.2015 03:31:37: Шифруем: 17841-2.jpg
03.01.2015 03:31:37: Ожидаем подключения для скачивания ...
03.01.2015 03:31:37: Клиент для скачивания подключился, отправляем: 17841-2.jpg
03.01.2015 03:31:37: Файл 17841-2.jpg передан
03.01.2015 03:31:37: Клиент для скачивания отключился
03.01.2015 03:31:37: Шифруем: 17841-3.jpg
03.01.2015 03:31:37: Ожидаем подключения для скачивания ...
03.01.2015 03:31:37: Клиент для скачивания подключился, отправляем: 17841-3.jpg
03.01.2015 03:31:37: Файл 17841-3.jpg передан
03.01.2015 03:31:37: Клиент для скачивания отключился
03.01.2015 03:31:37: Шифруем: 32450-1.jpg
03.01.2015 03:31:37: Ожидаем подключения для скачивания ...
03.01.2015 03:31:37: Клиент для скачивания подключился, отправляем: 32450-1.jpg
03.01.2015 03:31:37: Файл 32450-1.jpg передан
03.01.2015 03:31:37: Клиент для скачивания отключился
03.01.2015 03:31:37: Шифруем: 32450-2.jpg
03.01.2015 03:31:37: Ожидаем подключения для скачивания ...
03.01.2015 03:31:37: Клиент для скачивания подключился, отправляем: 32450-2.jpg
03.01.2015 03:31:37: Файл 32450-2.jpg передан
03.01.2015 03:31:37: Клиент для скачивания отключился
03.01.2015 03:31:37: Обновление завершено, клиент отключился 

 ====================================================================================== 

03.01.2015 03:31:37: Сессия открыта
03.01.2015 03:31:37: Запрашивается количество новых файлов
03.01.2015 03:31:37: Новых файлов 5
03.01.2015 03:31:37: Получен запрос на скачивание
03.01.2015 03:31:37: Шифруем: 17841-1.jpg
03.01.2015 03:31:37: Ожидаем подключения для скачивания ...
03.01.2015 03:31:37: Клиент для скачивания подключился, отправляем: 17841-1.jpg
03.01.2015 03:31:37: Файл 17841-1.jpg передан
03.01.2015 03:31:37: Клиент для скачивания отключился
03.01.2015 03:31:37: Шифруем: 17841-2.jpg
03.01.2015 03:31:37: Ожидаем подключения для скачивания ...
03.01.2015 03:31:37: Клиент для скачивания подключился, отправляем: 17841-2.jpg
03.01.2015 03:31:37: Файл 17841-2.jpg передан
03.01.2015 03:31:37: Клиент для скачивания отключился
03.01.2015 03:31:37: Шифруем: 17841-3.jpg
03.01.2015 03:31:37: Ожидаем подключения для скачивания ...
03.01.2015 03:31:37: Клиент для скачивания подключился, отправляем: 17841-3.jpg
03.01.2015 03:31:37: Файл 17841-3.jpg передан
03.01.2015 03:31:37: Клиент для скачивания отключился
03.01.2015 03:31:37: Шифруем: 32450-1.jpg
03.01.2015 03:31:37: Ожидаем подключения для скачивания ...
03.01.2015 03:31:37: Клиент для скачивания подключился, отправляем: 32450-1.jpg
03.01.2015 03:31:37: Файл 32450-1.jpg передан
03.01.2015 03:31:37: Клиент для скачивания отключился
03.01.2015 03:31:37: Шифруем: 32450-2.jpg
03.01.2015 03:31:37: Ожидаем подключения для скачивания ...
03.01.2015 03:31:37: Клиент для скачивания подключился, отправляем: 32450-2.jpg
03.01.2015 03:31:37: Файл 32450-2.jpg передан
03.01.2015 03:31:37: Клиент для скачивания отключился
03.01.2015 03:31:37: Обновление завершено, клиент отключился 

 ====================================================================================== 

03.01.2015 03:31:37: Сессия открыта
03.01.2015 03:31:37: Запрашивается количество новых файлов
03.01.2015 03:31:37: Новых файлов 0
03.01.2015 03:31:37: Обновление завершено, клиент отключился 

 ====================================================================================== 

03.01.2015 03:31:37: Сессия открыта
03.01.2015 03:31:37: Запрашивается количество новых файлов
03.01.2015 03:31:37: Новых файлов 3
03.01.2015 03:31:37: Получен запрос на скачивание
03.01.2015 03:31:37: Шифруем: 17841-1.jpg
03.01.2015 03:31:37: Ожидаем подключения для скачивания ...
03.01.2015 03:31:37: Клиент для скачивания подключился, отправляем: 17841-1.jpg
03.01.2015 03:31:37: Файл 17841-1.jpg передан
03.01.2015 03:31:37: Клиент для скачивания отключился
03.01.2015 03:31:37: Шифруем: 17841-2.jpg
03.01.2015 03:31:37: Ожидаем подключения для скачивания ...
03.01.2015 03:31:37: Клиент для скачивания подключился, отправляем: 17841-2.jpg
03.01.2015 03:31:37: Файл 17841-2.jpg передан
03.01.2015 03:31:37: Клиент для скачивания отключился
03.01.2015 03:31:37: Шифруем: 17841-3.jpg
03.01.2015 03:31:37: Ожидаем подключения для скачивания ...
03.01.2015 03:31:37: Клиент для скачивания подключился, отправляем: 17841-3.jpg
03.01.2015 03:31:37: Файл 17841-3.jpg передан
03.01.2015 03:31:37: Клиент для скачивания отключился
03.01.2015 03:31:37: Обновление завершено, клиент отключился 

 ====================================================================================== 

03.01.2015 03:31:37: Сессия открыта
03.01.2015 03:31:37: Запрашивается количество новых файлов
03.01.2015 03:31:37: Новых файлов 1
03.01.2015 03:31:37: Получен запрос на скачивание
03.01.2015 03:31:37: Шифруем: 17841-1.JPG
03.01.2015 03:31:37: Ожидаем подключения для скачивания ...
03.01.2015 03:31:37: Клиент для скачивания подключился, отправляем: 17841-1.JPG
03.01.2015 03:31:37: Файл 17841-1.JPG передан
03.01.2015 03:31:37: Клиент для скачивания отключился
03.01.2015 03:31:37: Обновление завершено, клиент отключился 

 ====================================================================================== 

03.01.2015 03:31:37: Сессия открыта
03.01.2015 03:31:37: Запрашивается количество новых файлов
03.01.2015 03:31:37: Новых файлов 0
03.01.2015 03:31:37: Обновление завершено, клиент отключился 

 ====================================================================================== 

03.01.2015 03:55:20: Сессия открыта
03.01.2015 03:55:20: Запрашивается количество новых файлов
03.01.2015 03:55:20: Новых файлов 0
03.01.2015 03:55:20: Обновление завершено, клиент отключился 

 ====================================================================================== 

03.01.2015 03:55:20: Сессия открыта
03.01.2015 03:55:20: Запрашивается количество новых файлов
03.01.2015 03:55:20: Новых файлов 0
03.01.2015 03:55:20: Обновление завершено, клиент отключился 

 ====================================================================================== 

03.01.2015 03:57:13: Сессия открыта
03.01.2015 03:57:13: Запрашивается количество новых файлов
03.01.2015 03:57:13: Новых файлов 0
03.01.2015 03:57:13: Обновление завершено, клиент отключился 

 ====================================================================================== 

03.01.2015 15:57:42: Сессия открыта
03.01.2015 15:57:42: Запрашивается количество новых файлов
03.01.2015 15:57:42: Новых файлов 0
03.01.2015 15:57:42: Обновление завершено, клиент отключился 

 ====================================================================================== 

03.01.2015 15:57:58: Сессия открыта
03.01.2015 15:57:58: Запрашивается количество новых файлов
03.01.2015 15:57:58: Новых файлов 0
03.01.2015 15:57:58: Обновление завершено, клиент отключился 

 ====================================================================================== 

03.01.2015 16:03:07: Сессия открыта
03.01.2015 16:03:07: Запрашивается количество новых файлов
03.01.2015 16:03:07: Новых файлов 0
03.01.2015 16:03:07: Обновление завершено, клиент отключился 

 ====================================================================================== 

03.01.2015 16:05:05: Сессия открыта
03.01.2015 16:05:05: Запрашивается количество новых файлов
03.01.2015 16:05:05: Новых файлов 0
03.01.2015 16:05:05: Обновление завершено, клиент отключился 

 ====================================================================================== 

03.01.2015 16:08:53: Сессия открыта
03.01.2015 16:08:53: Запрашивается количество новых файлов
03.01.2015 16:08:53: Новых файлов 0
03.01.2015 16:08:53: Обновление завершено, клиент отключился 

 ====================================================================================== 

03.01.2015 17:01:21: Сессия открыта
03.01.2015 17:01:21: Запрашивается количество новых файлов
03.01.2015 17:01:21: Новых файлов 0
03.01.2015 17:01:21: Обновление завершено, клиент отключился 

 ====================================================================================== 

03.01.2015 17:10:39: Сессия открыта
03.01.2015 17:10:39: Запрашивается количество новых файлов
03.01.2015 17:10:39: Новых файлов 0
03.01.2015 17:10:39: Обновление завершено, клиент отключился 

 ====================================================================================== 

03.01.2015 17:12:14: Сессия открыта
03.01.2015 17:12:14: Запрашивается количество новых файлов
03.01.2015 17:12:14: Новых файлов 0
03.01.2015 17:12:14: Обновление завершено, клиент отключился 

 ====================================================================================== 

04.01.2015 19:40:01: Сессия открыта
04.01.2015 19:40:01: Запрашивается количество новых файлов
04.01.2015 19:40:01: Новых файлов 0
04.01.2015 19:40:01: Обновление завершено, клиент отключился 

 ====================================================================================== 

04.01.2015 19:40:22: Сессия открыта
04.01.2015 19:40:22: Запрашивается количество новых файлов
04.01.2015 19:40:22: Новых файлов 1
04.01.2015 19:40:25: Получен запрос на скачивание
04.01.2015 19:40:25: Шифруем: 3235-1.jpg
04.01.2015 19:40:25: Ожидаем подключения для скачивания ...
04.01.2015 19:40:25: Клиент для скачивания подключился, отправляем: 3235-1.jpg
04.01.2015 19:40:26: Файл 3235-1.jpg передан
04.01.2015 19:40:26: Клиент для скачивания отключился
04.01.2015 19:40:26: Обновление завершено, клиент отключился 

 ====================================================================================== 

04.01.2015 19:41:06: Сессия открыта
04.01.2015 19:41:06: Запрашивается количество новых файлов
04.01.2015 19:41:06: Новых файлов 0
04.01.2015 19:41:07: Обновление завершено, клиент отключился 

 ====================================================================================== 

03.02.2015 11:01:11: 356446052938789 - Сессия открыта
03.02.2015 11:01:11: 356446052938789 - Запрашивается количество новых файлов
03.02.2015 11:01:11: 356446052938789 - Новых файлов 0
03.02.2015 11:01:11: 356446052938789 - Обновление завершено, клиент отключился 

====================================================================================== 

