04.01.2015 19:24:31: Address already in use: JVM_Bind
04.01.2015 19:25:53: Address already in use: JVM_Bind
04.01.2015 19:26:00: Address already in use: JVM_Bind
04.01.2015 19:26:24: Address already in use: JVM_Bind
04.01.2015 19:27:13: Address already in use: JVM_Bind
04.01.2015 19:47:49: Address already in use: JVM_Bind
08.09.2015 13:58:43: Address already in use: JVM_Bind
08.09.2015 14:08:13: Address already in use: JVM_Bind
16.09.2015 09:55:40: Address already in use: JVM_Bind
16.09.2015 10:19:33: Address already in use: JVM_Bind
16.09.2015 10:54:12: Accept timed out
16.09.2015 11:33:50: Read timed out
30.10.2015 19:00:40: Connection reset
30.10.2015 19:01:39: Software caused connection abort: recv failed
19.11.2015 12:54:38: Connection reset
20.11.2015 11:20:50: Address already in use: JVM_Bind
20.11.2015 12:45:57: Software caused connection abort: recv failed
20.11.2015 12:46:10: Software caused connection abort: recv failed
20.11.2015 13:33:05: Address already in use: JVM_Bind
23.11.2015 11:13:33: Software caused connection abort: recv failed
23.11.2015 11:16:12: Address already in use: JVM_Bind
23.11.2015 14:02:42: Software caused connection abort: recv failed
23.11.2015 14:20:29: Connection reset
23.11.2015 14:26:26: Connection reset
23.11.2015 14:37:39: Connection reset
23.11.2015 14:41:46: Connection reset
23.11.2015 14:41:57: Connection reset
03.12.2015 11:40:04: Connection reset
